app/build/intermediates/manifest_merge_blame_file/debug/manifest-merger-blame-debug-report.txt
1<?xml version="1.0" encoding="utf-8"?>
2<manifest xmlns:android="http://schemas.android.com/apk/res/android"
3    package="com.example.barcode"
4    android:versionCode="1"
5    android:versionName="1.0" >
6
7    <uses-sdk
8        android:minSdkVersion="22"
8-->src\main\AndroidManifest.xml
9        android:targetSdkVersion="31" />
9-->src\main\AndroidManifest.xml
10
11    <uses-permission android:name="android.permission.CAMERA" />
11-->src\main\AndroidManifest.xml:5:5-65
11-->src\main\AndroidManifest.xml:5:22-62
12
13    <uses-feature android:name="android.hardware.camera" />
13-->src\main\AndroidManifest.xml:7:5-60
13-->src\main\AndroidManifest.xml:7:19-57
14    <uses-feature android:name="android.hardware.camera.autofocus" />
14-->src\main\AndroidManifest.xml:8:5-70
14-->src\main\AndroidManifest.xml:8:19-67
15
16    <uses-permission android:name="android.permission.ACCESS_NETWORK_STATE" />
16-->[com.firebaseui:firebase-ui-auth:7.2.0] AndroidManifest.xml:12:5-79
16-->[com.firebaseui:firebase-ui-auth:7.2.0] AndroidManifest.xml:12:22-76
17    <uses-permission android:name="android.permission.INTERNET" />
17-->[com.firebaseui:firebase-ui-auth:7.2.0] AndroidManifest.xml:13:5-67
17-->[com.firebaseui:firebase-ui-auth:7.2.0] AndroidManifest.xml:13:22-64
18
19    <uses-feature
19-->[com.journeyapps:zxing-android-embedded:3.4.0] AndroidManifest.xml:27:5-29:36
20        android:name="android.hardware.camera.front"
20-->[com.journeyapps:zxing-android-embedded:3.4.0] AndroidManifest.xml:28:9-53
21        android:required="false" />
21-->[com.journeyapps:zxing-android-embedded:3.4.0] AndroidManifest.xml:29:9-33
22    <uses-feature
22-->[com.journeyapps:zxing-android-embedded:3.4.0] AndroidManifest.xml:35:5-37:36
23        android:name="android.hardware.camera.flash"
23-->[com.journeyapps:zxing-android-embedded:3.4.0] AndroidManifest.xml:36:9-53
24        android:required="false" />
24-->[com.journeyapps:zxing-android-embedded:3.4.0] AndroidManifest.xml:37:9-33
25    <uses-feature
25-->[com.journeyapps:zxing-android-embedded:3.4.0] AndroidManifest.xml:38:5-40:36
26        android:name="android.hardware.screen.landscape"
26-->[com.journeyapps:zxing-android-embedded:3.4.0] AndroidManifest.xml:39:9-57
27        android:required="false" />
27-->[com.journeyapps:zxing-android-embedded:3.4.0] AndroidManifest.xml:40:9-33
28    <uses-feature
28-->[com.journeyapps:zxing-android-embedded:3.4.0] AndroidManifest.xml:41:5-43:36
29        android:name="android.hardware.wifi"
29-->[com.journeyapps:zxing-android-embedded:3.4.0] AndroidManifest.xml:42:9-45
30        android:required="false" />
30-->[com.journeyapps:zxing-android-embedded:3.4.0] AndroidManifest.xml:43:9-33
31
32    <uses-permission android:name="android.permission.WAKE_LOCK" />
32-->[com.google.android.gms:play-services-measurement-api:19.0.0] AndroidManifest.xml:24:5-68
32-->[com.google.android.gms:play-services-measurement-api:19.0.0] AndroidManifest.xml:24:22-65
33    <uses-permission android:name="com.google.android.finsky.permission.BIND_GET_INSTALL_REFERRER_SERVICE" />
33-->[com.google.android.gms:play-services-measurement:19.0.0] AndroidManifest.xml:26:5-110
33-->[com.google.android.gms:play-services-measurement:19.0.0] AndroidManifest.xml:26:22-107
34
35    <application
35-->src\main\AndroidManifest.xml:10:5-45:19
36        android:allowBackup="true"
36-->src\main\AndroidManifest.xml:11:9-35
37        android:appComponentFactory="androidx.core.app.CoreComponentFactory"
37-->[androidx.core:core:1.5.0] AndroidManifest.xml:24:18-86
38        android:debuggable="true"
39        android:hardwareAccelerated="true"
39-->src\main\AndroidManifest.xml:12:9-43
40        android:icon="@mipmap/ic_launcher"
40-->src\main\AndroidManifest.xml:13:9-43
41        android:label="@string/app_name"
41-->src\main\AndroidManifest.xml:14:9-41
42        android:roundIcon="@mipmap/ic_launcher_round"
42-->src\main\AndroidManifest.xml:15:9-54
43        android:supportsRtl="true"
43-->src\main\AndroidManifest.xml:16:9-35
44        android:testOnly="true"
45        android:theme="@style/Theme.Barcode" >
45-->src\main\AndroidManifest.xml:17:9-45
46        <activity
46-->src\main\AndroidManifest.xml:18:9-20:39
47            android:name="com.example.barcode.InsertCompleteAct"
47-->src\main\AndroidManifest.xml:19:13-46
48            android:exported="true" />
48-->src\main\AndroidManifest.xml:20:13-36
49        <activity
49-->src\main\AndroidManifest.xml:21:9-23:39
50            android:name="com.example.barcode.Reward"
50-->src\main\AndroidManifest.xml:22:13-35
51            android:exported="true" />
51-->src\main\AndroidManifest.xml:23:13-36
52        <activity
52-->src\main\AndroidManifest.xml:24:9-26:39
53            android:name="com.example.barcode.TypingBarcodenumAct"
53-->src\main\AndroidManifest.xml:25:13-48
54            android:exported="true" />
54-->src\main\AndroidManifest.xml:26:13-36
55        <activity
55-->src\main\AndroidManifest.xml:27:9-35:20
56            android:name="com.example.barcode.MainActivity"
56-->src\main\AndroidManifest.xml:28:13-41
57            android:exported="true" >
57-->src\main\AndroidManifest.xml:29:13-36
58            <intent-filter>
58-->src\main\AndroidManifest.xml:30:13-34:29
59                <action android:name="android.intent.action.MAIN" />
59-->src\main\AndroidManifest.xml:31:17-69
59-->src\main\AndroidManifest.xml:31:25-66
60
61                <category android:name="android.intent.category.LAUNCHER" />
61-->src\main\AndroidManifest.xml:33:17-77
61-->src\main\AndroidManifest.xml:33:27-74
62            </intent-filter>
63        </activity>
64        <activity
64-->src\main\AndroidManifest.xml:36:9-40:63
65            android:name="com.example.barcode.CaptureAct"
65-->src\main\AndroidManifest.xml:37:13-39
66            android:screenOrientation="fullSensor"
66-->src\main\AndroidManifest.xml:38:13-51
67            android:stateNotNeeded="true"
67-->src\main\AndroidManifest.xml:39:13-42
68            android:windowSoftInputMode="stateAlwaysHidden" />
68-->src\main\AndroidManifest.xml:40:13-60
69        <activity android:name="com.example.barcode.MenuActivity" />
69-->src\main\AndroidManifest.xml:41:9-50
69-->src\main\AndroidManifest.xml:41:19-47
70        <activity android:name="com.example.barcode.ShowList" />
70-->src\main\AndroidManifest.xml:42:9-46
70-->src\main\AndroidManifest.xml:42:19-43
71        <activity android:name="com.example.barcode.CheckInsertAct" />
71-->src\main\AndroidManifest.xml:43:9-52
71-->src\main\AndroidManifest.xml:43:19-49
72        <activity android:name="com.example.barcode.InsertRecycleAct" />
72-->src\main\AndroidManifest.xml:44:9-54
72-->src\main\AndroidManifest.xml:44:19-51
73
74        <meta-data
74-->[com.firebaseui:firebase-ui-auth:7.2.0] AndroidManifest.xml:16:9-18:69
75            android:name="com.google.android.gms.version"
75-->[com.firebaseui:firebase-ui-auth:7.2.0] AndroidManifest.xml:17:13-58
76            android:value="@integer/google_play_services_version" />
76-->[com.firebaseui:firebase-ui-auth:7.2.0] AndroidManifest.xml:18:13-66
77        <meta-data
77-->[com.firebaseui:firebase-ui-auth:7.2.0] AndroidManifest.xml:19:9-21:63
78            android:name="com.facebook.sdk.ApplicationId"
78-->[com.firebaseui:firebase-ui-auth:7.2.0] AndroidManifest.xml:20:13-58
79            android:value="@string/facebook_application_id" />
79-->[com.firebaseui:firebase-ui-auth:7.2.0] AndroidManifest.xml:21:13-60
80
81        <activity
81-->[com.firebaseui:firebase-ui-auth:7.2.0] AndroidManifest.xml:23:9-27:61
82            android:name="com.firebase.ui.auth.KickoffActivity"
82-->[com.firebaseui:firebase-ui-auth:7.2.0] AndroidManifest.xml:24:13-64
83            android:exported="false"
83-->[com.firebaseui:firebase-ui-auth:7.2.0] AndroidManifest.xml:25:13-37
84            android:label=""
84-->[com.firebaseui:firebase-ui-auth:7.2.0] AndroidManifest.xml:26:13-29
85            android:theme="@style/FirebaseUI.Transparent" />
85-->[com.firebaseui:firebase-ui-auth:7.2.0] AndroidManifest.xml:27:13-58
86        <activity
86-->[com.firebaseui:firebase-ui-auth:7.2.0] AndroidManifest.xml:28:9-32:61
87            android:name="com.firebase.ui.auth.ui.idp.SingleSignInActivity"
87-->[com.firebaseui:firebase-ui-auth:7.2.0] AndroidManifest.xml:29:13-76
88            android:exported="false"
88-->[com.firebaseui:firebase-ui-auth:7.2.0] AndroidManifest.xml:30:13-37
89            android:label=""
89-->[com.firebaseui:firebase-ui-auth:7.2.0] AndroidManifest.xml:31:13-29
90            android:theme="@style/FirebaseUI.Transparent" />
90-->[com.firebaseui:firebase-ui-auth:7.2.0] AndroidManifest.xml:32:13-58
91        <activity
91-->[com.firebaseui:firebase-ui-auth:7.2.0] AndroidManifest.xml:33:9-37:61
92            android:name="com.firebase.ui.auth.ui.credentials.CredentialSaveActivity"
92-->[com.firebaseui:firebase-ui-auth:7.2.0] AndroidManifest.xml:34:13-86
93            android:exported="false"
93-->[com.firebaseui:firebase-ui-auth:7.2.0] AndroidManifest.xml:35:13-37
94            android:label=""
94-->[com.firebaseui:firebase-ui-auth:7.2.0] AndroidManifest.xml:36:13-29
95            android:theme="@style/FirebaseUI.Transparent" />
95-->[com.firebaseui:firebase-ui-auth:7.2.0] AndroidManifest.xml:37:13-58
96        <activity
96-->[com.firebaseui:firebase-ui-auth:7.2.0] AndroidManifest.xml:38:9-42:58
97            android:name="com.firebase.ui.auth.ui.email.RecoverPasswordActivity"
97-->[com.firebaseui:firebase-ui-auth:7.2.0] AndroidManifest.xml:39:13-81
98            android:exported="false"
98-->[com.firebaseui:firebase-ui-auth:7.2.0] AndroidManifest.xml:40:13-37
99            android:label="@string/fui_title_recover_password_activity"
99-->[com.firebaseui:firebase-ui-auth:7.2.0] AndroidManifest.xml:41:13-72
100            android:windowSoftInputMode="adjustResize" />
100-->[com.firebaseui:firebase-ui-auth:7.2.0] AndroidManifest.xml:42:13-55
101        <activity
101-->[com.firebaseui:firebase-ui-auth:7.2.0] AndroidManifest.xml:43:9-47:58
102            android:name="com.firebase.ui.auth.ui.email.EmailActivity"
102-->[com.firebaseui:firebase-ui-auth:7.2.0] AndroidManifest.xml:44:13-71
103            android:exported="false"
103-->[com.firebaseui:firebase-ui-auth:7.2.0] AndroidManifest.xml:45:13-37
104            android:label="@string/fui_sign_in_default"
104-->[com.firebaseui:firebase-ui-auth:7.2.0] AndroidManifest.xml:46:13-56
105            android:windowSoftInputMode="adjustResize" />
105-->[com.firebaseui:firebase-ui-auth:7.2.0] AndroidManifest.xml:47:13-55
106        <activity
106-->[com.firebaseui:firebase-ui-auth:7.2.0] AndroidManifest.xml:48:9-52:77
107            android:name="com.firebase.ui.auth.ui.phone.PhoneActivity"
107-->[com.firebaseui:firebase-ui-auth:7.2.0] AndroidManifest.xml:49:13-71
108            android:exported="false"
108-->[com.firebaseui:firebase-ui-auth:7.2.0] AndroidManifest.xml:50:13-37
109            android:label="@string/fui_sign_in_with_phone_number"
109-->[com.firebaseui:firebase-ui-auth:7.2.0] AndroidManifest.xml:51:13-66
110            android:windowSoftInputMode="adjustResize|stateAlwaysVisible" />
110-->[com.firebaseui:firebase-ui-auth:7.2.0] AndroidManifest.xml:52:13-74
111        <activity
111-->[com.firebaseui:firebase-ui-auth:7.2.0] AndroidManifest.xml:53:9-57:58
112            android:name="com.firebase.ui.auth.ui.idp.WelcomeBackIdpPrompt"
112-->[com.firebaseui:firebase-ui-auth:7.2.0] AndroidManifest.xml:54:13-76
113            android:exported="false"
113-->[com.firebaseui:firebase-ui-auth:7.2.0] AndroidManifest.xml:55:13-37
114            android:label="@string/fui_title_welcome_back_idp_prompt"
114-->[com.firebaseui:firebase-ui-auth:7.2.0] AndroidManifest.xml:56:13-70
115            android:windowSoftInputMode="adjustResize" />
115-->[com.firebaseui:firebase-ui-auth:7.2.0] AndroidManifest.xml:57:13-55
116        <activity
116-->[com.firebaseui:firebase-ui-auth:7.2.0] AndroidManifest.xml:58:9-62:58
117            android:name="com.firebase.ui.auth.ui.email.WelcomeBackPasswordPrompt"
117-->[com.firebaseui:firebase-ui-auth:7.2.0] AndroidManifest.xml:59:13-83
118            android:exported="false"
118-->[com.firebaseui:firebase-ui-auth:7.2.0] AndroidManifest.xml:60:13-37
119            android:label="@string/fui_title_welcome_back_password_prompt"
119-->[com.firebaseui:firebase-ui-auth:7.2.0] AndroidManifest.xml:61:13-75
120            android:windowSoftInputMode="adjustResize" />
120-->[com.firebaseui:firebase-ui-auth:7.2.0] AndroidManifest.xml:62:13-55
121        <activity
121-->[com.firebaseui:firebase-ui-auth:7.2.0] AndroidManifest.xml:63:9-67:58
122            android:name="com.firebase.ui.auth.ui.email.WelcomeBackEmailLinkPrompt"
122-->[com.firebaseui:firebase-ui-auth:7.2.0] AndroidManifest.xml:64:13-84
123            android:exported="false"
123-->[com.firebaseui:firebase-ui-auth:7.2.0] AndroidManifest.xml:65:13-37
124            android:label="@string/fui_title_welcome_back_password_prompt"
124-->[com.firebaseui:firebase-ui-auth:7.2.0] AndroidManifest.xml:66:13-75
125            android:windowSoftInputMode="adjustResize" />
125-->[com.firebaseui:firebase-ui-auth:7.2.0] AndroidManifest.xml:67:13-55
126        <activity
126-->[com.firebaseui:firebase-ui-auth:7.2.0] AndroidManifest.xml:68:9-73:58
127            android:name="com.firebase.ui.auth.ui.email.EmailLinkCatcherActivity"
127-->[com.firebaseui:firebase-ui-auth:7.2.0] AndroidManifest.xml:69:13-82
128            android:exported="false"
128-->[com.firebaseui:firebase-ui-auth:7.2.0] AndroidManifest.xml:70:13-37
129            android:label=""
129-->[com.firebaseui:firebase-ui-auth:7.2.0] AndroidManifest.xml:71:13-29
130            android:theme="@style/FirebaseUI.Transparent"
130-->[com.firebaseui:firebase-ui-auth:7.2.0] AndroidManifest.xml:72:13-58
131            android:windowSoftInputMode="adjustResize" />
131-->[com.firebaseui:firebase-ui-auth:7.2.0] AndroidManifest.xml:73:13-55
132        <activity
132-->[com.firebaseui:firebase-ui-auth:7.2.0] AndroidManifest.xml:74:9-78:58
133            android:name="com.firebase.ui.auth.ui.email.EmailLinkErrorRecoveryActivity"
133-->[com.firebaseui:firebase-ui-auth:7.2.0] AndroidManifest.xml:75:13-88
134            android:exported="false"
134-->[com.firebaseui:firebase-ui-auth:7.2.0] AndroidManifest.xml:76:13-37
135            android:label="@string/fui_sign_in_default"
135-->[com.firebaseui:firebase-ui-auth:7.2.0] AndroidManifest.xml:77:13-56
136            android:windowSoftInputMode="adjustResize" />
136-->[com.firebaseui:firebase-ui-auth:7.2.0] AndroidManifest.xml:78:13-55
137        <activity
137-->[com.firebaseui:firebase-ui-auth:7.2.0] AndroidManifest.xml:79:9-82:65
138            android:name="com.firebase.ui.auth.ui.idp.AuthMethodPickerActivity"
138-->[com.firebaseui:firebase-ui-auth:7.2.0] AndroidManifest.xml:80:13-80
139            android:exported="false"
139-->[com.firebaseui:firebase-ui-auth:7.2.0] AndroidManifest.xml:81:13-37
140            android:label="@string/fui_default_toolbar_title" />
140-->[com.firebaseui:firebase-ui-auth:7.2.0] AndroidManifest.xml:82:13-62
141        <activity
141-->[com.firebaseui:firebase-ui-auth:7.2.0] AndroidManifest.xml:83:9-87:48
142            android:name="com.facebook.FacebookActivity"
142-->[com.firebaseui:firebase-ui-auth:7.2.0] AndroidManifest.xml:84:13-57
143            android:configChanges="keyboard|keyboardHidden|screenLayout|screenSize|orientation"
143-->[com.firebaseui:firebase-ui-auth:7.2.0] AndroidManifest.xml:85:13-96
144            android:label="@string/app_name" />
144-->[com.firebaseui:firebase-ui-auth:7.2.0] AndroidManifest.xml:86:13-45
145        <activity
145-->[com.firebaseui:firebase-ui-auth:7.2.0] AndroidManifest.xml:88:9-100:20
146            android:name="com.facebook.CustomTabActivity"
146-->[com.firebaseui:firebase-ui-auth:7.2.0] AndroidManifest.xml:89:13-58
147            android:exported="true" >
147-->[com.firebaseui:firebase-ui-auth:7.2.0] AndroidManifest.xml:90:13-36
148            <intent-filter>
148-->[com.firebaseui:firebase-ui-auth:7.2.0] AndroidManifest.xml:92:13-99:29
149                <action android:name="android.intent.action.VIEW" />
149-->[com.firebaseui:firebase-ui-auth:7.2.0] AndroidManifest.xml:93:17-69
149-->[com.firebaseui:firebase-ui-auth:7.2.0] AndroidManifest.xml:93:25-66
150
151                <category android:name="android.intent.category.DEFAULT" />
151-->[com.firebaseui:firebase-ui-auth:7.2.0] AndroidManifest.xml:95:17-76
151-->[com.firebaseui:firebase-ui-auth:7.2.0] AndroidManifest.xml:95:27-73
152                <category android:name="android.intent.category.BROWSABLE" />
152-->[com.firebaseui:firebase-ui-auth:7.2.0] AndroidManifest.xml:96:17-78
152-->[com.firebaseui:firebase-ui-auth:7.2.0] AndroidManifest.xml:96:27-75
153
154                <data android:scheme="@string/facebook_login_protocol_scheme" />
154-->[com.firebaseui:firebase-ui-auth:7.2.0] AndroidManifest.xml:98:17-81
154-->[com.firebaseui:firebase-ui-auth:7.2.0] AndroidManifest.xml:98:23-78
155            </intent-filter>
156        </activity>
157
158        <provider
158-->[com.firebaseui:firebase-ui-auth:7.2.0] AndroidManifest.xml:102:9-106:38
159            android:name="com.firebase.ui.auth.data.client.AuthUiInitProvider"
159-->[com.firebaseui:firebase-ui-auth:7.2.0] AndroidManifest.xml:103:13-79
160            android:authorities="com.example.barcode.authuiinitprovider"
160-->[com.firebaseui:firebase-ui-auth:7.2.0] AndroidManifest.xml:104:13-70
161            android:exported="false"
161-->[com.firebaseui:firebase-ui-auth:7.2.0] AndroidManifest.xml:105:13-37
162            android:initOrder="90" />
162-->[com.firebaseui:firebase-ui-auth:7.2.0] AndroidManifest.xml:106:13-35
163
164        <service
164-->[com.google.firebase:firebase-database:20.0.1] AndroidManifest.xml:29:9-35:19
165            android:name="com.google.firebase.components.ComponentDiscoveryService"
165-->[com.google.firebase:firebase-database:20.0.1] AndroidManifest.xml:30:13-84
166            android:directBootAware="true"
166-->[com.google.firebase:firebase-common:20.0.0] AndroidManifest.xml:35:13-43
167            android:exported="false" >
167-->[com.google.firebase:firebase-database:20.0.1] AndroidManifest.xml:31:13-37
168            <meta-data
168-->[com.google.firebase:firebase-database:20.0.1] AndroidManifest.xml:32:13-34:85
169                android:name="com.google.firebase.components:com.google.firebase.database.DatabaseRegistrar"
169-->[com.google.firebase:firebase-database:20.0.1] AndroidManifest.xml:33:17-109
170                android:value="com.google.firebase.components.ComponentRegistrar" />
170-->[com.google.firebase:firebase-database:20.0.1] AndroidManifest.xml:34:17-82
171            <meta-data
171-->[com.google.firebase:firebase-auth:21.0.1] AndroidManifest.xml:77:13-79:85
172                android:name="com.google.firebase.components:com.google.firebase.auth.FirebaseAuthRegistrar"
172-->[com.google.firebase:firebase-auth:21.0.1] AndroidManifest.xml:78:17-109
173                android:value="com.google.firebase.components.ComponentRegistrar" />
173-->[com.google.firebase:firebase-auth:21.0.1] AndroidManifest.xml:79:17-82
174            <meta-data
174-->[com.google.android.gms:play-services-measurement-api:19.0.0] AndroidManifest.xml:30:13-32:85
175                android:name="com.google.firebase.components:com.google.firebase.analytics.connector.internal.AnalyticsConnectorRegistrar"
175-->[com.google.android.gms:play-services-measurement-api:19.0.0] AndroidManifest.xml:31:17-139
176                android:value="com.google.firebase.components.ComponentRegistrar" />
176-->[com.google.android.gms:play-services-measurement-api:19.0.0] AndroidManifest.xml:32:17-82
177            <meta-data
177-->[com.google.firebase:firebase-installations:17.0.0] AndroidManifest.xml:18:13-20:85
178                android:name="com.google.firebase.components:com.google.firebase.installations.FirebaseInstallationsRegistrar"
178-->[com.google.firebase:firebase-installations:17.0.0] AndroidManifest.xml:19:17-127
179                android:value="com.google.firebase.components.ComponentRegistrar" />
179-->[com.google.firebase:firebase-installations:17.0.0] AndroidManifest.xml:20:17-82
180        </service>
181
182        <activity
182-->[com.journeyapps:zxing-android-embedded:3.4.0] AndroidManifest.xml:46:9-52:63
183            android:name="com.journeyapps.barcodescanner.CaptureActivity"
183-->[com.journeyapps:zxing-android-embedded:3.4.0] AndroidManifest.xml:47:13-74
184            android:clearTaskOnLaunch="true"
184-->[com.journeyapps:zxing-android-embedded:3.4.0] AndroidManifest.xml:48:13-45
185            android:screenOrientation="sensorLandscape"
185-->[com.journeyapps:zxing-android-embedded:3.4.0] AndroidManifest.xml:49:13-56
186            android:stateNotNeeded="true"
186-->[com.journeyapps:zxing-android-embedded:3.4.0] AndroidManifest.xml:50:13-42
187            android:theme="@style/zxing_CaptureTheme"
187-->[com.journeyapps:zxing-android-embedded:3.4.0] AndroidManifest.xml:51:13-54
188            android:windowSoftInputMode="stateAlwaysHidden" />
188-->[com.journeyapps:zxing-android-embedded:3.4.0] AndroidManifest.xml:52:13-60
189        <activity
189-->[com.google.firebase:firebase-auth:21.0.1] AndroidManifest.xml:27:9-44:20
190            android:name="com.google.firebase.auth.internal.GenericIdpActivity"
190-->[com.google.firebase:firebase-auth:21.0.1] AndroidManifest.xml:28:13-80
191            android:excludeFromRecents="true"
191-->[com.google.firebase:firebase-auth:21.0.1] AndroidManifest.xml:29:13-46
192            android:exported="true"
192-->[com.google.firebase:firebase-auth:21.0.1] AndroidManifest.xml:30:13-36
193            android:launchMode="singleTask"
193-->[com.google.firebase:firebase-auth:21.0.1] AndroidManifest.xml:31:13-44
194            android:theme="@android:style/Theme.Translucent.NoTitleBar" >
194-->[com.google.firebase:firebase-auth:21.0.1] AndroidManifest.xml:32:13-72
195            <intent-filter>
195-->[com.google.firebase:firebase-auth:21.0.1] AndroidManifest.xml:33:13-43:29
196                <action android:name="android.intent.action.VIEW" />
196-->[com.firebaseui:firebase-ui-auth:7.2.0] AndroidManifest.xml:93:17-69
196-->[com.firebaseui:firebase-ui-auth:7.2.0] AndroidManifest.xml:93:25-66
197
198                <category android:name="android.intent.category.DEFAULT" />
198-->[com.firebaseui:firebase-ui-auth:7.2.0] AndroidManifest.xml:95:17-76
198-->[com.firebaseui:firebase-ui-auth:7.2.0] AndroidManifest.xml:95:27-73
199                <category android:name="android.intent.category.BROWSABLE" />
199-->[com.firebaseui:firebase-ui-auth:7.2.0] AndroidManifest.xml:96:17-78
199-->[com.firebaseui:firebase-ui-auth:7.2.0] AndroidManifest.xml:96:27-75
200
201                <data
201-->[com.firebaseui:firebase-ui-auth:7.2.0] AndroidManifest.xml:98:17-81
202                    android:host="firebase.auth"
203                    android:path="/"
204                    android:scheme="genericidp" />
204-->[com.firebaseui:firebase-ui-auth:7.2.0] AndroidManifest.xml:98:23-78
205            </intent-filter>
206        </activity>
207        <activity
207-->[com.google.firebase:firebase-auth:21.0.1] AndroidManifest.xml:45:9-62:20
208            android:name="com.google.firebase.auth.internal.RecaptchaActivity"
208-->[com.google.firebase:firebase-auth:21.0.1] AndroidManifest.xml:46:13-79
209            android:excludeFromRecents="true"
209-->[com.google.firebase:firebase-auth:21.0.1] AndroidManifest.xml:47:13-46
210            android:exported="true"
210-->[com.google.firebase:firebase-auth:21.0.1] AndroidManifest.xml:48:13-36
211            android:launchMode="singleTask"
211-->[com.google.firebase:firebase-auth:21.0.1] AndroidManifest.xml:49:13-44
212            android:theme="@android:style/Theme.Translucent.NoTitleBar" >
212-->[com.google.firebase:firebase-auth:21.0.1] AndroidManifest.xml:50:13-72
213            <intent-filter>
213-->[com.google.firebase:firebase-auth:21.0.1] AndroidManifest.xml:51:13-61:29
214                <action android:name="android.intent.action.VIEW" />
214-->[com.firebaseui:firebase-ui-auth:7.2.0] AndroidManifest.xml:93:17-69
214-->[com.firebaseui:firebase-ui-auth:7.2.0] AndroidManifest.xml:93:25-66
215
216                <category android:name="android.intent.category.DEFAULT" />
216-->[com.firebaseui:firebase-ui-auth:7.2.0] AndroidManifest.xml:95:17-76
216-->[com.firebaseui:firebase-ui-auth:7.2.0] AndroidManifest.xml:95:27-73
217                <category android:name="android.intent.category.BROWSABLE" />
217-->[com.firebaseui:firebase-ui-auth:7.2.0] AndroidManifest.xml:96:17-78
217-->[com.firebaseui:firebase-ui-auth:7.2.0] AndroidManifest.xml:96:27-75
218
219                <data
219-->[com.firebaseui:firebase-ui-auth:7.2.0] AndroidManifest.xml:98:17-81
220                    android:host="firebase.auth"
221                    android:path="/"
222                    android:scheme="recaptcha" />
222-->[com.firebaseui:firebase-ui-auth:7.2.0] AndroidManifest.xml:98:23-78
223            </intent-filter>
224        </activity>
225
226        <service
226-->[com.google.firebase:firebase-auth:21.0.1] AndroidManifest.xml:64:9-73:19
227            android:name="com.google.firebase.auth.api.fallback.service.FirebaseAuthFallbackService"
227-->[com.google.firebase:firebase-auth:21.0.1] AndroidManifest.xml:65:13-101
228            android:enabled="true"
228-->[com.google.firebase:firebase-auth:21.0.1] AndroidManifest.xml:66:13-35
229            android:exported="false" >
229-->[com.google.firebase:firebase-auth:21.0.1] AndroidManifest.xml:67:13-37
230            <intent-filter>
230-->[com.google.firebase:firebase-auth:21.0.1] AndroidManifest.xml:68:13-72:29
231                <action android:name="com.google.firebase.auth.api.gms.service.START" />
231-->[com.google.firebase:firebase-auth:21.0.1] AndroidManifest.xml:69:17-89
231-->[com.google.firebase:firebase-auth:21.0.1] AndroidManifest.xml:69:25-86
232
233                <category android:name="android.intent.category.DEFAULT" />
233-->[com.firebaseui:firebase-ui-auth:7.2.0] AndroidManifest.xml:95:17-76
233-->[com.firebaseui:firebase-ui-auth:7.2.0] AndroidManifest.xml:95:27-73
234            </intent-filter>
235        </service>
236
237        <activity
237-->[com.google.android.gms:play-services-auth:19.2.0] AndroidManifest.xml:23:9-27:75
238            android:name="com.google.android.gms.auth.api.signin.internal.SignInHubActivity"
238-->[com.google.android.gms:play-services-auth:19.2.0] AndroidManifest.xml:24:13-93
239            android:excludeFromRecents="true"
239-->[com.google.android.gms:play-services-auth:19.2.0] AndroidManifest.xml:25:13-46
240            android:exported="false"
240-->[com.google.android.gms:play-services-auth:19.2.0] AndroidManifest.xml:26:13-37
241            android:theme="@android:style/Theme.Translucent.NoTitleBar" />
241-->[com.google.android.gms:play-services-auth:19.2.0] AndroidManifest.xml:27:13-72
242        <!--
243            Service handling Google Sign-In user revocation. For apps that do not integrate with
244            Google Sign-In, this service will never be started.
245        -->
246        <service
246-->[com.google.android.gms:play-services-auth:19.2.0] AndroidManifest.xml:33:9-37:51
247            android:name="com.google.android.gms.auth.api.signin.RevocationBoundService"
247-->[com.google.android.gms:play-services-auth:19.2.0] AndroidManifest.xml:34:13-89
248            android:exported="true"
248-->[com.google.android.gms:play-services-auth:19.2.0] AndroidManifest.xml:35:13-36
249            android:permission="com.google.android.gms.auth.api.signin.permission.REVOCATION_NOTIFICATION"
249-->[com.google.android.gms:play-services-auth:19.2.0] AndroidManifest.xml:36:13-107
250            android:visibleToInstantApps="true" />
250-->[com.google.android.gms:play-services-auth:19.2.0] AndroidManifest.xml:37:13-48
251
252        <provider
252-->[com.google.firebase:firebase-common:20.0.0] AndroidManifest.xml:26:9-31:39
253            android:name="com.google.firebase.provider.FirebaseInitProvider"
253-->[com.google.firebase:firebase-common:20.0.0] AndroidManifest.xml:27:13-77
254            android:authorities="com.example.barcode.firebaseinitprovider"
254-->[com.google.firebase:firebase-common:20.0.0] AndroidManifest.xml:28:13-72
255            android:directBootAware="true"
255-->[com.google.firebase:firebase-common:20.0.0] AndroidManifest.xml:29:13-43
256            android:exported="false"
256-->[com.google.firebase:firebase-common:20.0.0] AndroidManifest.xml:30:13-37
257            android:initOrder="100" />
257-->[com.google.firebase:firebase-common:20.0.0] AndroidManifest.xml:31:13-36
258
259        <activity
259-->[com.google.android.gms:play-services-base:17.5.0] AndroidManifest.xml:23:9-26:75
260            android:name="com.google.android.gms.common.api.GoogleApiActivity"
260-->[com.google.android.gms:play-services-base:17.5.0] AndroidManifest.xml:24:13-79
261            android:exported="false"
261-->[com.google.android.gms:play-services-base:17.5.0] AndroidManifest.xml:25:13-37
262            android:theme="@android:style/Theme.Translucent.NoTitleBar" />
262-->[com.google.android.gms:play-services-base:17.5.0] AndroidManifest.xml:26:13-72
263
264        <receiver
264-->[com.google.android.gms:play-services-measurement:19.0.0] AndroidManifest.xml:29:9-33:20
265            android:name="com.google.android.gms.measurement.AppMeasurementReceiver"
265-->[com.google.android.gms:play-services-measurement:19.0.0] AndroidManifest.xml:30:13-85
266            android:enabled="true"
266-->[com.google.android.gms:play-services-measurement:19.0.0] AndroidManifest.xml:31:13-35
267            android:exported="false" >
267-->[com.google.android.gms:play-services-measurement:19.0.0] AndroidManifest.xml:32:13-37
268        </receiver>
269
270        <service